# JRE version: OpenJDK Runtime Environment Temurin-17.0.4+8 (17.0.4+8) (build 17.0.4+8)
# Java VM: OpenJDK 64-Bit Server VM Temurin-17.0.4+8 (17.0.4+8, mixed mode, emulated-client, tiered, compressed oops, compressed class ptrs, g1 gc, windows-amd64)
GC Precious Log:
 CPUs: 4 total, 4 available
 Memory: 8010M
 Large Page Support: Disabled
 NUMA Support: Disabled
 Compressed Oops: Enabled (32-bit)
 Heap Region Size: 1M
 Heap Min Capacity: 8M
 Heap Initial Capacity: 126M
 Heap Max Capacity: 2004M
 Pre-touch: Disabled
 Parallel Workers: 4
 Concurrent Workers: 1
 Concurrent Refinement Workers: 4
 Periodic GC: Disabled
Heap:
 garbage-first heap   total 106496K, used 31651K [0x0000000082c00000, 0x0000000100000000)
  region size 1024K, 1 young (1024K), 0 survivors (0K)
 Metaspace       used 52483K, committed 52992K, reserved 1097728K
  class space    used 6923K, committed 7168K, reserved 1048576K
GC Heap History (20 events):
Event: 11694.182 GC heap before
{Heap before GC invocations=1089 (full 1056):
 garbage-first heap   total 106496K, used 31651K [0x0000000082c00000, 0x0000000100000000)
  region size 1024K, 1 young (1024K), 0 survivors (0K)
 Metaspace       used 52483K, committed 52992K, reserved 1097728K
  class space    used 6923K, committed 7168K, reserved 1048576K
}
Event: 11694.239 GC heap after
{Heap after GC invocations=1090 (full 1057):
 garbage-first heap   total 106496K, used 31651K [0x0000000082c00000, 0x0000000100000000)
  region size 1024K, 0 young (0K), 0 survivors (0K)
 Metaspace       used 52483K, committed 52992K, reserved 1097728K
  class space    used 6923K, committed 7168K, reserved 1048576K
}
Event: 11704.977 GC heap before
{Heap before GC invocations=1090 (full 1057):
 garbage-first heap   total 106496K, used 31651K [0x0000000082c00000, 0x0000000100000000)
  region size 1024K, 1 young (1024K), 0 survivors (0K)
 Metaspace       used 52483K, committed 52992K, reserved 1097728K
  class space    used 6923K, committed 7168K, reserved 1048576K
}
Event: 11705.034 GC heap after
{Heap after GC invocations=1091 (full 1058):
 garbage-first heap   total 106496K, used 31651K [0x0000000082c00000, 0x0000000100000000)
  region size 1024K, 0 young (0K), 0 survivors (0K)
 Metaspace       used 52483K, committed 52992K, reserved 1097728K
  class space    used 6923K, committed 7168K, reserved 1048576K
}
Event: 11715.561 GC heap before
{Heap before GC invocations=1091 (full 1058):
 garbage-first heap   total 106496K, used 31651K [0x0000000082c00000, 0x0000000100000000)
  region size 1024K, 1 young (1024K), 0 survivors (0K)
 Metaspace       used 52483K, committed 52992K, reserved 1097728K
  class space    used 6923K, committed 7168K, reserved 1048576K
}
Event: 11715.625 GC heap after
{Heap after GC invocations=1092 (full 1059):
 garbage-first heap   total 106496K, used 31651K [0x0000000082c00000, 0x0000000100000000)
  region size 1024K, 0 young (0K), 0 survivors (0K)
 Metaspace       used 52483K, committed 52992K, reserved 1097728K
  class space    used 6923K, committed 7168K, reserved 1048576K
}
Event: 11725.972 GC heap before
{Heap before GC invocations=1092 (full 1059):
 garbage-first heap   total 106496K, used 31651K [0x0000000082c00000, 0x0000000100000000)
  region size 1024K, 1 young (1024K), 0 survivors (0K)
 Metaspace       used 52483K, committed 52992K, reserved 1097728K
  class space    used 6923K, committed 7168K, reserved 1048576K
}
Event: 11726.029 GC heap after
{Heap after GC invocations=1093 (full 1060):
 garbage-first heap   total 106496K, used 31651K [0x0000000082c00000, 0x0000000100000000)
  region size 1024K, 0 young (0K), 0 survivors (0K)
 Metaspace       used 52483K, committed 52992K, reserved 1097728K
  class space    used 6923K, committed 7168K, reserved 1048576K
}
Event: 11736.960 GC heap before
{Heap before GC invocations=1093 (full 1060):
 garbage-first heap   total 106496K, used 31651K [0x0000000082c00000, 0x0000000100000000)
  region size 1024K, 1 young (1024K), 0 survivors (0K)
 Metaspace       used 52483K, committed 52992K, reserved 1097728K
  class space    used 6923K, committed 7168K, reserved 1048576K
}
Event: 11737.019 GC heap after
{Heap after GC invocations=1094 (full 1061):
 garbage-first heap   total 106496K, used 31651K [0x0000000082c00000, 0x0000000100000000)
  region size 1024K, 0 young (0K), 0 survivors (0K)
 Metaspace       used 52483K, committed 52992K, reserved 1097728K
  class space    used 6923K, committed 7168K, reserved 1048576K
}
Event: 11747.493 GC heap before
{Heap before GC invocations=1094 (full 1061):
 garbage-first heap   total 106496K, used 31651K [0x0000000082c00000, 0x0000000100000000)
  region size 1024K, 1 young (1024K), 0 survivors (0K)
 Metaspace       used 52483K, committed 52992K, reserved 1097728K
  class space    used 6923K, committed 7168K, reserved 1048576K
}
Event: 11747.550 GC heap after
{Heap after GC invocations=1095 (full 1062):
 garbage-first heap   total 106496K, used 31651K [0x0000000082c00000, 0x0000000100000000)
  region size 1024K, 0 young (0K), 0 survivors (0K)
 Metaspace       used 52483K, committed 52992K, reserved 1097728K
  class space    used 6923K, committed 7168K, reserved 1048576K
}
Event: 11757.940 GC heap before
{Heap before GC invocations=1095 (full 1062):
 garbage-first heap   total 106496K, used 31651K [0x0000000082c00000, 0x0000000100000000)
  region size 1024K, 1 young (1024K), 0 survivors (0K)
 Metaspace       used 52483K, committed 52992K, reserved 1097728K
  class space    used 6923K, committed 7168K, reserved 1048576K
}
Event: 11757.993 GC heap after
{Heap after GC invocations=1096 (full 1063):
 garbage-first heap   total 106496K, used 31651K [0x0000000082c00000, 0x0000000100000000)
  region size 1024K, 0 young (0K), 0 survivors (0K)
 Metaspace       used 52483K, committed 52992K, reserved 1097728K
  class space    used 6923K, committed 7168K, reserved 1048576K
}
Event: 11768.390 GC heap before
{Heap before GC invocations=1096 (full 1063):
 garbage-first heap   total 106496K, used 31651K [0x0000000082c00000, 0x0000000100000000)
  region size 1024K, 1 young (1024K), 0 survivors (0K)
 Metaspace       used 52483K, committed 52992K, reserved 1097728K
  class space    used 6923K, committed 7168K, reserved 1048576K
}
Event: 11768.449 GC heap after
{Heap after GC invocations=1097 (full 1064):
 garbage-first heap   total 106496K, used 31651K [0x0000000082c00000, 0x0000000100000000)
  region size 1024K, 0 young (0K), 0 survivors (0K)
 Metaspace       used 52483K, committed 52992K, reserved 1097728K
  class space    used 6923K, committed 7168K, reserved 1048576K
}
Event: 11778.864 GC heap before
{Heap before GC invocations=1097 (full 1064):
 garbage-first heap   total 106496K, used 31651K [0x0000000082c00000, 0x0000000100000000)
  region size 1024K, 1 young (1024K), 0 survivors (0K)
 Metaspace       used 52483K, committed 52992K, reserved 1097728K
  class space    used 6923K, committed 7168K, reserved 1048576K
}
Event: 11778.923 GC heap after
{Heap after GC invocations=1098 (full 1065):
 garbage-first heap   total 106496K, used 31651K [0x0000000082c00000, 0x0000000100000000)
  region size 1024K, 0 young (0K), 0 survivors (0K)
 Metaspace       used 52483K, committed 52992K, reserved 1097728K
  class space    used 6923K, committed 7168K, reserved 1048576K
}
Event: 11789.344 GC heap before
{Heap before GC invocations=1098 (full 1065):
 garbage-first heap   total 106496K, used 31651K [0x0000000082c00000, 0x0000000100000000)
  region size 1024K, 1 young (1024K), 0 survivors (0K)
 Metaspace       used 52483K, committed 52992K, reserved 1097728K
  class space    used 6923K, committed 7168K, reserved 1048576K
}
Event: 11789.402 GC heap after
{Heap after GC invocations=1099 (full 1066):
 garbage-first heap   total 106496K, used 31651K [0x0000000082c00000, 0x0000000100000000)
  region size 1024K, 0 young (0K), 0 survivors (0K)
 Metaspace       used 52483K, committed 52992K, reserved 1097728K
  class space    used 6923K, committed 7168K, reserved 1048576K
}

