# JRE version: OpenJDK Runtime Environment Temurin-17.0.4+8 (17.0.4+8) (build 17.0.4+8)
# Java VM: OpenJDK 64-Bit Server VM Temurin-17.0.4+8 (17.0.4+8, mixed mode, emulated-client, tiered, compressed oops, compressed class ptrs, g1 gc, windows-amd64)
GC Precious Log:
 CPUs: 4 total, 4 available
 Memory: 8010M
 Large Page Support: Disabled
 NUMA Support: Disabled
 Compressed Oops: Enabled (32-bit)
 Heap Region Size: 1M
 Heap Min Capacity: 8M
 Heap Initial Capacity: 126M
 Heap Max Capacity: 2004M
 Pre-touch: Disabled
 Parallel Workers: 4
 Concurrent Workers: 1
 Concurrent Refinement Workers: 4
 Periodic GC: Disabled
Heap:
 garbage-first heap   total 129024K, used 60282K [0x0000000082c00000, 0x0000000100000000)
  region size 1024K, 2 young (2048K), 2 survivors (2048K)
 Metaspace       used 36318K, committed 36608K, reserved 1081344K
  class space    used 4734K, committed 4864K, reserved 1048576K
GC Heap History (20 events):
Event: 25.189 GC heap after
{Heap after GC invocations=11 (full 0):
 garbage-first heap   total 62464K, used 25951K [0x0000000082c00000, 0x0000000100000000)
  region size 1024K, 2 young (2048K), 2 survivors (2048K)
 Metaspace       used 33275K, committed 33600K, reserved 1081344K
  class space    used 4226K, committed 4352K, reserved 1048576K
}
Event: 25.415 GC heap before
{Heap before GC invocations=11 (full 0):
 garbage-first heap   total 62464K, used 43359K [0x0000000082c00000, 0x0000000100000000)
  region size 1024K, 20 young (20480K), 2 survivors (2048K)
 Metaspace       used 33517K, committed 33856K, reserved 1081344K
  class space    used 4263K, committed 4416K, reserved 1048576K
}
Event: 25.421 GC heap after
{Heap after GC invocations=12 (full 0):
 garbage-first heap   total 62464K, used 29680K [0x0000000082c00000, 0x0000000100000000)
  region size 1024K, 3 young (3072K), 3 survivors (3072K)
 Metaspace       used 33517K, committed 33856K, reserved 1081344K
  class space    used 4263K, committed 4416K, reserved 1048576K
}
Event: 25.491 GC heap before
{Heap before GC invocations=12 (full 0):
 garbage-first heap   total 62464K, used 45040K [0x0000000082c00000, 0x0000000100000000)
  region size 1024K, 18 young (18432K), 3 survivors (3072K)
 Metaspace       used 33680K, committed 34048K, reserved 1081344K
  class space    used 4288K, committed 4480K, reserved 1048576K
}
Event: 25.497 GC heap after
{Heap after GC invocations=13 (full 0):
 garbage-first heap   total 62464K, used 32973K [0x0000000082c00000, 0x0000000100000000)
  region size 1024K, 3 young (3072K), 3 survivors (3072K)
 Metaspace       used 33680K, committed 34048K, reserved 1081344K
  class space    used 4288K, committed 4480K, reserved 1048576K
}
Event: 25.621 GC heap before
{Heap before GC invocations=13 (full 0):
 garbage-first heap   total 62464K, used 46285K [0x0000000082c00000, 0x0000000100000000)
  region size 1024K, 16 young (16384K), 3 survivors (3072K)
 Metaspace       used 33772K, committed 34112K, reserved 1081344K
  class space    used 4302K, committed 4480K, reserved 1048576K
}
Event: 25.626 GC heap after
{Heap after GC invocations=14 (full 0):
 garbage-first heap   total 62464K, used 34758K [0x0000000082c00000, 0x0000000100000000)
  region size 1024K, 2 young (2048K), 2 survivors (2048K)
 Metaspace       used 33772K, committed 34112K, reserved 1081344K
  class space    used 4302K, committed 4480K, reserved 1048576K
}
Event: 25.698 GC heap before
{Heap before GC invocations=14 (full 0):
 garbage-first heap   total 62464K, used 47046K [0x0000000082c00000, 0x0000000100000000)
  region size 1024K, 14 young (14336K), 2 survivors (2048K)
 Metaspace       used 33893K, committed 34176K, reserved 1081344K
  class space    used 4323K, committed 4480K, reserved 1048576K
}
Event: 25.703 GC heap after
{Heap after GC invocations=15 (full 0):
 garbage-first heap   total 89088K, used 37171K [0x0000000082c00000, 0x0000000100000000)
  region size 1024K, 2 young (2048K), 2 survivors (2048K)
 Metaspace       used 33893K, committed 34176K, reserved 1081344K
  class space    used 4323K, committed 4480K, reserved 1048576K
}
Event: 25.941 GC heap before
{Heap before GC invocations=16 (full 0):
 garbage-first heap   total 89088K, used 65843K [0x0000000082c00000, 0x0000000100000000)
  region size 1024K, 30 young (30720K), 2 survivors (2048K)
 Metaspace       used 34165K, committed 34496K, reserved 1081344K
  class space    used 4363K, committed 4544K, reserved 1048576K
}
Event: 25.953 GC heap after
{Heap after GC invocations=17 (full 0):
 garbage-first heap   total 89088K, used 43420K [0x0000000082c00000, 0x0000000100000000)
  region size 1024K, 4 young (4096K), 4 survivors (4096K)
 Metaspace       used 34165K, committed 34496K, reserved 1081344K
  class space    used 4363K, committed 4544K, reserved 1048576K
}
Event: 25.960 GC heap before
{Heap before GC invocations=17 (full 0):
 garbage-first heap   total 89088K, used 44444K [0x0000000082c00000, 0x0000000100000000)
  region size 1024K, 5 young (5120K), 4 survivors (4096K)
 Metaspace       used 34168K, committed 34496K, reserved 1081344K
  class space    used 4364K, committed 4544K, reserved 1048576K
}
Event: 25.965 GC heap after
{Heap after GC invocations=18 (full 0):
 garbage-first heap   total 89088K, used 43686K [0x0000000082c00000, 0x0000000100000000)
  region size 1024K, 1 young (1024K), 1 survivors (1024K)
 Metaspace       used 34168K, committed 34496K, reserved 1081344K
  class space    used 4364K, committed 4544K, reserved 1048576K
}
Event: 27.465 GC heap before
{Heap before GC invocations=18 (full 0):
 garbage-first heap   total 89088K, used 67238K [0x0000000082c00000, 0x0000000100000000)
  region size 1024K, 24 young (24576K), 1 survivors (1024K)
 Metaspace       used 35809K, committed 36096K, reserved 1081344K
  class space    used 4655K, committed 4800K, reserved 1048576K
}
Event: 27.475 GC heap after
{Heap after GC invocations=19 (full 0):
 garbage-first heap   total 89088K, used 49188K [0x0000000082c00000, 0x0000000100000000)
  region size 1024K, 3 young (3072K), 3 survivors (3072K)
 Metaspace       used 35809K, committed 36096K, reserved 1081344K
  class space    used 4655K, committed 4800K, reserved 1048576K
}
Event: 28.169 GC heap before
{Heap before GC invocations=20 (full 0):
 garbage-first heap   total 89088K, used 67620K [0x0000000082c00000, 0x0000000100000000)
  region size 1024K, 21 young (21504K), 3 survivors (3072K)
 Metaspace       used 36204K, committed 36480K, reserved 1081344K
  class space    used 4728K, committed 4864K, reserved 1048576K
}
Event: 28.181 GC heap after
{Heap after GC invocations=21 (full 0):
 garbage-first heap   total 89088K, used 57161K [0x0000000082c00000, 0x0000000100000000)
  region size 1024K, 3 young (3072K), 3 survivors (3072K)
 Metaspace       used 36204K, committed 36480K, reserved 1081344K
  class space    used 4728K, committed 4864K, reserved 1048576K
}
Event: 28.188 GC heap before
{Heap before GC invocations=21 (full 0):
 garbage-first heap   total 89088K, used 58185K [0x0000000082c00000, 0x0000000100000000)
  region size 1024K, 4 young (4096K), 3 survivors (3072K)
 Metaspace       used 36205K, committed 36480K, reserved 1081344K
  class space    used 4728K, committed 4864K, reserved 1048576K
}
Event: 28.198 GC heap after
{Heap after GC invocations=22 (full 0):
 garbage-first heap   total 89088K, used 57209K [0x0000000082c00000, 0x0000000100000000)
  region size 1024K, 1 young (1024K), 1 survivors (1024K)
 Metaspace       used 36205K, committed 36480K, reserved 1081344K
  class space    used 4728K, committed 4864K, reserved 1048576K
}
Event: 28.235 GC heap before
{Heap before GC invocations=22 (full 0):
 garbage-first heap   total 89088K, used 60281K [0x0000000082c00000, 0x0000000100000000)
  region size 1024K, 6 young (6144K), 1 survivors (1024K)
 Metaspace       used 36318K, committed 36608K, reserved 1081344K
  class space    used 4734K, committed 4864K, reserved 1048576K
}

